[cloudera@quickstart src]$ hadoop jar pagerank.jar PageRank /user/cloudera/homework3/input.txt /user/cloudera/homework3/output2
17/02/22 10:18:47 INFO client.RMProxy: Connecting to ResourceManager at /0.0.0.0:8032
17/02/22 10:18:48 WARN mapreduce.JobResourceUploader: Hadoop command-line option parsing not performed. Implement the Tool interface and execute your application with ToolRunner to remedy this.
17/02/22 10:18:49 INFO input.FileInputFormat: Total input paths to process : 1
17/02/22 10:18:49 WARN hdfs.DFSClient: Caught exception 
java.lang.InterruptedException
	at java.lang.Object.wait(Native Method)
	at java.lang.Thread.join(Thread.java:1281)
	at java.lang.Thread.join(Thread.java:1355)
	at org.apache.hadoop.hdfs.DFSOutputStream$DataStreamer.closeResponder(DFSOutputStream.java:862)
	at org.apache.hadoop.hdfs.DFSOutputStream$DataStreamer.endBlock(DFSOutputStream.java:600)
	at org.apache.hadoop.hdfs.DFSOutputStream$DataStreamer.run(DFSOutputStream.java:789)
17/02/22 10:18:49 WARN hdfs.DFSClient: Caught exception 
java.lang.InterruptedException
	at java.lang.Object.wait(Native Method)
	at java.lang.Thread.join(Thread.java:1281)
	at java.lang.Thread.join(Thread.java:1355)
	at org.apache.hadoop.hdfs.DFSOutputStream$DataStreamer.closeResponder(DFSOutputStream.java:862)
	at org.apache.hadoop.hdfs.DFSOutputStream$DataStreamer.endBlock(DFSOutputStream.java:600)
	at org.apache.hadoop.hdfs.DFSOutputStream$DataStreamer.run(DFSOutputStream.java:789)
17/02/22 10:18:49 INFO mapreduce.JobSubmitter: number of splits:1
17/02/22 10:18:49 INFO mapreduce.JobSubmitter: Submitting tokens for job: job_1487747159685_0003
17/02/22 10:18:50 INFO impl.YarnClientImpl: Submitted application application_1487747159685_0003
17/02/22 10:18:50 INFO mapreduce.Job: The url to track the job: http://quickstart.cloudera:8088/proxy/application_1487747159685_0003/
17/02/22 10:18:50 INFO mapreduce.Job: Running job: job_1487747159685_0003
17/02/22 10:19:02 INFO mapreduce.Job: Job job_1487747159685_0003 running in uber mode : false
17/02/22 10:19:02 INFO mapreduce.Job:  map 0% reduce 0%
17/02/22 10:19:12 INFO mapreduce.Job:  map 100% reduce 0%
17/02/22 10:19:23 INFO mapreduce.Job:  map 100% reduce 100%
17/02/22 10:19:23 INFO mapreduce.Job: Job job_1487747159685_0003 completed successfully
17/02/22 10:19:23 INFO mapreduce.Job: Counters: 49
	File System Counters
		FILE: Number of bytes read=305
		FILE: Number of bytes written=233135
		FILE: Number of read operations=0
		FILE: Number of large read operations=0
		FILE: Number of write operations=0
		HDFS: Number of bytes read=225
		HDFS: Number of bytes written=106
		HDFS: Number of read operations=6
		HDFS: Number of large read operations=0
		HDFS: Number of write operations=2
	Job Counters 
		Launched map tasks=1
		Launched reduce tasks=1
		Data-local map tasks=1
		Total time spent by all maps in occupied slots (ms)=7188
		Total time spent by all reduces in occupied slots (ms)=8602
		Total time spent by all map tasks (ms)=7188
		Total time spent by all reduce tasks (ms)=8602
		Total vcore-seconds taken by all map tasks=7188
		Total vcore-seconds taken by all reduce tasks=8602
		Total megabyte-seconds taken by all map tasks=7360512
		Total megabyte-seconds taken by all reduce tasks=8808448
	Map-Reduce Framework
		Map input records=6
		Map output records=21
		Map output bytes=257
		Map output materialized bytes=305
		Input split bytes=130
		Combine input records=0
		Combine output records=0
		Reduce input groups=6
		Reduce shuffle bytes=305
		Reduce input records=21
		Reduce output records=6
		Spilled Records=42
		Shuffled Maps =1
		Failed Shuffles=0
		Merged Map outputs=1
		GC time elapsed (ms)=144
		CPU time spent (ms)=870
		Physical memory (bytes) snapshot=336519168
		Virtual memory (bytes) snapshot=3007533056
		Total committed heap usage (bytes)=226365440
	Shuffle Errors
		BAD_ID=0
		CONNECTION=0
		IO_ERROR=0
		WRONG_LENGTH=0
		WRONG_MAP=0
		WRONG_REDUCE=0
	File Input Format Counters 
		Bytes Read=95
	File Output Format Counters 
		Bytes Written=106
[cloudera@quickstart src]$ hdfs dfs -ls /user/cloudera/homework3/output2
Found 2 items
-rw-r--r--   1 cloudera cloudera          0 2017-02-22 10:19 /user/cloudera/homework3/output2/_SUCCESS
-rw-r--r--   1 cloudera cloudera        106 2017-02-22 10:19 /user/cloudera/homework3/output2/part-r-00000
[cloudera@quickstart src]$ hdfs dfs -cat /user/cloudera/homework3/output2/part-r-00000
A	C F 0.1166669
B	D E F 0.2000004
C	A B 0.2000004
D	A B C E F 0.055555668
E	F 0.08888906
F	B C 0.33888957

